#
# There is insufficient memory for the Java Runtime Environment to continue.
# Native memory allocation (malloc) failed to allocate 1048576 bytes. Error detail: AllocateHeap
# Possible reasons:
#   The system is out of physical RAM or swap space
#   This process is running with CompressedOops enabled, and the Java Heap may be blocking the growth of the native heap
# Possible solutions:
#   Reduce memory load on the system
#   Increase physical memory or swap space
#   Check if swap backing store is full
#   Decrease Java heap size (-Xmx/-Xms)
#   Decrease number of Java threads
#   Decrease Java thread stack sizes (-Xss)
#   Set larger code cache with -XX:ReservedCodeCacheSize=
#   JVM is running with Unscaled Compressed Oops mode in which the Java heap is
#     placed in the first 4GB address space. The Java Heap base address is the
#     maximum limit for the native heap growth. Please use -XX:HeapBaseMinAddress
#     to set the Java Heap base and to place the Java Heap above 4GB virtual address.
# This output file may be truncated or incomplete.
#
#  Out of Memory Error (allocation.cpp:44), pid=7844, tid=23856
#
# JRE version: OpenJDK Runtime Environment Temurin-21.0.10+7 (21.0.10+7) (build 21.0.10+7-LTS)
# Java VM: OpenJDK 64-Bit Server VM Temurin-21.0.10+7 (21.0.10+7-LTS, mixed mode, sharing, tiered, compressed oops, compressed class ptrs, parallel gc, windows-amd64)
# No core dump will be written. Minidumps are not enabled by default on client versions of Windows
#

---------------  S U M M A R Y ------------

Command Line: --add-modules=ALL-SYSTEM --add-opens=java.base/java.util=ALL-UNNAMED --add-opens=java.base/java.lang=ALL-UNNAMED --add-opens=java.base/sun.nio.fs=ALL-UNNAMED -Declipse.application=org.eclipse.jdt.ls.core.id1 -Dosgi.bundles.defaultStartLevel=4 -Declipse.product=org.eclipse.jdt.ls.core.product -Djava.import.generatesMetadataFilesAtProjectRoot=false -DDetectVMInstallationsJob.disabled=true -Dfile.encoding=utf8 -XX:+UseParallelGC -XX:GCTimeRatio=4 -XX:AdaptiveSizePolicyWeight=90 -Dsun.zip.disableMemoryMapping=true -Xmx2G -Xms100m -Xlog:disable -javaagent:c:\Users\Leonardo\.vscode\extensions\redhat.java-1.54.0-win32-x64\lombok\lombok-1.18.39-4050.jar -XX:+HeapDumpOnOutOfMemoryError -XX:HeapDumpPath=c:\Users\Leonardo\AppData\Roaming\Code\User\workspaceStorage\9279c1e7c5289dc87579dbb541acdad8\redhat.java -Daether.dependencyCollector.impl=bf c:\Users\Leonardo\.vscode\extensions\redhat.java-1.54.0-win32-x64\server\plugins\org.eclipse.equinox.launcher_1.7.100.v20251111-0406.jar -configuration c:\Users\Leonardo\AppData\Roaming\Code\User\globalStorage\redhat.java\1.54.0\config_win -data c:\Users\Leonardo\AppData\Roaming\Code\User\workspaceStorage\9279c1e7c5289dc87579dbb541acdad8\redhat.java\jdt_ws --pipe=\\.\pipe\lsp-fc275f89ca7b5ab7b517793abfff8623-sock

Host: AMD Ryzen 7 5700U with Radeon Graphics         , 16 cores, 5G,  Windows 10 , 64 bit Build 19041 (10.0.19041.5915)
Time: Sun Apr 19 03:50:40 2026 Hora estándar oeste, Sudamérica elapsed time: 2040.670805 seconds (0d 0h 34m 0s)

---------------  T H R E A D  ---------------

Current thread (0x000001f696334de0):  JavaThread "Attach Listener" daemon [_thread_in_vm, id=23856, stack(0x000000c5edf00000,0x000000c5ee000000) (1024K)]

Stack: [0x000000c5edf00000,0x000000c5ee000000]
Native frames: (J=compiled Java code, j=interpreted, Vv=VM code, C=native code)
V  [jvm.dll+0x6d7a39]
V  [jvm.dll+0x8b4b26]
V  [jvm.dll+0x8b70de]
V  [jvm.dll+0x8b77c3]
V  [jvm.dll+0x284346]
V  [jvm.dll+0xc1277]
V  [jvm.dll+0x6d82e9]
V  [jvm.dll+0x1334a6]
V  [jvm.dll+0x3f857e]
V  [jvm.dll+0x85f59d]
V  [jvm.dll+0x6d626d]
C  [ucrtbase.dll+0x21bb2]
C  [KERNEL32.DLL+0x17374]
C  [ntdll.dll+0x4cc91]


---------------  P R O C E S S  ---------------

Threads class SMR info:
_java_thread_list=0x000001f6f7a6ce00, length=50, elements={
0x000001f6963832e0, 0x000001f69632e2e0, 0x000001f69632f930, 0x000001f696334180,
0x000001f696334de0, 0x000001f6963392b0, 0x000001f69633dd20, 0x000001f6ef398c90,
0x000001f6ef399730, 0x000001f6ef546380, 0x000001f6ef606490, 0x000001f6f55a54b0,
0x000001f6f54113e0, 0x000001f6ef417c60, 0x000001f6ef43c960, 0x000001f6f56cb890,
0x000001f6ef6a9290, 0x000001f6f5b24f50, 0x000001f6f5b283d0, 0x000001f6f5b276b0,
0x000001f6f64f7910, 0x000001f6f64f99e0, 0x000001f6f64fc140, 0x000001f6f64fc7d0,
0x000001f6f64f8630, 0x000001f6f64f7fa0, 0x000001f6f64f9350, 0x000001f6f64f6bf0,
0x000001f6f64fa700, 0x000001f6f64fe210, 0x000001f6f64fd4f0, 0x000001f6f64f8cc0,
0x000001f6f64fa070, 0x000001f6f64fad90, 0x000001f6f64fb420, 0x000001f6f64fbab0,
0x000001f6f64f7280, 0x000001f6f64fdb80, 0x000001f6f7ceac70, 0x000001f6f7cec6b0,
0x000001f6f7cee0f0, 0x000001f6f7ce9f50, 0x000001f6f7ced3d0, 0x000001f6f7ce98c0,
0x000001f6f7ceee10, 0x000001f6f7cef4a0, 0x000001f6f7cf01c0, 0x000001f6f7cf0850,
0x000001f6f7cec020, 0x000001f6f5b27d40
}

Java Threads: ( => current thread )
  0x000001f6963832e0 JavaThread "main"                              [_thread_blocked, id=17740, stack(0x000000c5ed800000,0x000000c5ed900000) (1024K)]
  0x000001f69632e2e0 JavaThread "Reference Handler"          daemon [_thread_blocked, id=14640, stack(0x000000c5edc00000,0x000000c5edd00000) (1024K)]
  0x000001f69632f930 JavaThread "Finalizer"                  daemon [_thread_blocked, id=18524, stack(0x000000c5edd00000,0x000000c5ede00000) (1024K)]
  0x000001f696334180 JavaThread "Signal Dispatcher"          daemon [_thread_blocked, id=23668, stack(0x000000c5ede00000,0x000000c5edf00000) (1024K)]
=>0x000001f696334de0 JavaThread "Attach Listener"            daemon [_thread_in_vm, id=23856, stack(0x000000c5edf00000,0x000000c5ee000000) (1024K)]
  0x000001f6963392b0 JavaThread "Service Thread"             daemon [_thread_blocked, id=23132, stack(0x000000c5ee000000,0x000000c5ee100000) (1024K)]
  0x000001f69633dd20 JavaThread "Monitor Deflation Thread"   daemon [_thread_blocked, id=6212, stack(0x000000c5ee100000,0x000000c5ee200000) (1024K)]
  0x000001f6ef398c90 JavaThread "C2 CompilerThread0"         daemon [_thread_blocked, id=22744, stack(0x000000c5ee200000,0x000000c5ee300000) (1024K)]
  0x000001f6ef399730 JavaThread "C1 CompilerThread0"         daemon [_thread_blocked, id=17592, stack(0x000000c5ee300000,0x000000c5ee400000) (1024K)]
  0x000001f6ef546380 JavaThread "Common-Cleaner"             daemon [_thread_blocked, id=19780, stack(0x000000c5ee600000,0x000000c5ee700000) (1024K)]
  0x000001f6ef606490 JavaThread "Notification Thread"        daemon [_thread_blocked, id=13496, stack(0x000000c5ee700000,0x000000c5ee800000) (1024K)]
  0x000001f6f55a54b0 JavaThread "Active Thread: Equinox Container: 4b69b3fd-0196-4c72-ac65-987fbf5323ba"        [_thread_blocked, id=22352, stack(0x000000c5eee00000,0x000000c5eef00000) (1024K)]
  0x000001f6f54113e0 JavaThread "Refresh Thread: Equinox Container: 4b69b3fd-0196-4c72-ac65-987fbf5323ba" daemon [_thread_blocked, id=23192, stack(0x000000c5ef100000,0x000000c5ef200000) (1024K)]
  0x000001f6ef417c60 JavaThread "Framework Event Dispatcher: Equinox Container: 4b69b3fd-0196-4c72-ac65-987fbf5323ba" daemon [_thread_blocked, id=5688, stack(0x000000c5ef200000,0x000000c5ef300000) (1024K)]
  0x000001f6ef43c960 JavaThread "Start Level: Equinox Container: 4b69b3fd-0196-4c72-ac65-987fbf5323ba" daemon [_thread_blocked, id=9924, stack(0x000000c5ef300000,0x000000c5ef400000) (1024K)]
  0x000001f6f56cb890 JavaThread "Bundle File Closer"         daemon [_thread_blocked, id=13184, stack(0x000000c5ef400000,0x000000c5ef500000) (1024K)]
  0x000001f6ef6a9290 JavaThread "SCR Component Actor"        daemon [_thread_blocked, id=18552, stack(0x000000c5ef500000,0x000000c5ef600000) (1024K)]
  0x000001f6f5b24f50 JavaThread "Worker-JM"                         [_thread_blocked, id=24436, stack(0x000000c5ef800000,0x000000c5ef900000) (1024K)]
  0x000001f6f5b283d0 JavaThread "JNA Cleaner"                daemon [_thread_blocked, id=24248, stack(0x000000c5efb00000,0x000000c5efc00000) (1024K)]
  0x000001f6f5b276b0 JavaThread "Java indexing"              daemon [_thread_blocked, id=15444, stack(0x000000c5efe00000,0x000000c5eff00000) (1024K)]
  0x000001f6f64f7910 JavaThread "Worker-3"                          [_thread_blocked, id=18020, stack(0x000000c5f0000000,0x000000c5f0100000) (1024K)]
  0x000001f6f64f99e0 JavaThread "Worker-4"                          [_thread_blocked, id=10352, stack(0x000000c5f0100000,0x000000c5f0200000) (1024K)]
  0x000001f6f64fc140 JavaThread "Thread-1"                   daemon [_thread_in_native, id=17680, stack(0x000000c5f0300000,0x000000c5f0400000) (1024K)]
  0x000001f6f64fc7d0 JavaThread "Thread-2"                   daemon [_thread_in_native, id=5584, stack(0x000000c5f0400000,0x000000c5f0500000) (1024K)]
  0x000001f6f64f8630 JavaThread "Thread-3"                   daemon [_thread_in_native, id=20420, stack(0x000000c5f0500000,0x000000c5f0600000) (1024K)]
  0x000001f6f64f7fa0 JavaThread "Thread-4"                   daemon [_thread_in_native, id=24540, stack(0x000000c5f0600000,0x000000c5f0700000) (1024K)]
  0x000001f6f64f9350 JavaThread "Thread-5"                   daemon [_thread_in_native, id=12144, stack(0x000000c5f0700000,0x000000c5f0800000) (1024K)]
  0x000001f6f64f6bf0 JavaThread "Thread-6"                   daemon [_thread_in_native, id=18228, stack(0x000000c5f0800000,0x000000c5f0900000) (1024K)]
  0x000001f6f64fa700 JavaThread "Thread-7"                   daemon [_thread_in_native, id=12460, stack(0x000000c5f0900000,0x000000c5f0a00000) (1024K)]
  0x000001f6f64fe210 JavaThread "Thread-8"                   daemon [_thread_in_native, id=23424, stack(0x000000c5f0a00000,0x000000c5f0b00000) (1024K)]
  0x000001f6f64fd4f0 JavaThread "Thread-9"                   daemon [_thread_in_native, id=18912, stack(0x000000c5f0b00000,0x000000c5f0c00000) (1024K)]
  0x000001f6f64f8cc0 JavaThread "Thread-10"                  daemon [_thread_in_native, id=6116, stack(0x000000c5f0c00000,0x000000c5f0d00000) (1024K)]
  0x000001f6f64fa070 JavaThread "Thread-11"                  daemon [_thread_in_native, id=23492, stack(0x000000c5f0d00000,0x000000c5f0e00000) (1024K)]
  0x000001f6f64fad90 JavaThread "Thread-12"                  daemon [_thread_in_native, id=18260, stack(0x000000c5f0e00000,0x000000c5f0f00000) (1024K)]
  0x000001f6f64fb420 JavaThread "Thread-13"                  daemon [_thread_in_native, id=4080, stack(0x000000c5f0f00000,0x000000c5f1000000) (1024K)]
  0x000001f6f64fbab0 JavaThread "Thread-14"                  daemon [_thread_in_native, id=1480, stack(0x000000c5f1000000,0x000000c5f1100000) (1024K)]
  0x000001f6f64f7280 JavaThread "Thread-15"                  daemon [_thread_in_native, id=13476, stack(0x000000c5f1100000,0x000000c5f1200000) (1024K)]
  0x000001f6f64fdb80 JavaThread "Thread-16"                  daemon [_thread_in_native, id=9932, stack(0x000000c5f1200000,0x000000c5f1300000) (1024K)]
  0x000001f6f7ceac70 JavaThread "Thread-17"                  daemon [_thread_in_native, id=9144, stack(0x000000c5f1300000,0x000000c5f1400000) (1024K)]
  0x000001f6f7cec6b0 JavaThread "pool-2-thread-1"                   [_thread_blocked, id=21000, stack(0x000000c5f1400000,0x000000c5f1500000) (1024K)]
  0x000001f6f7cee0f0 JavaThread "WorkspaceEventsHandler"            [_thread_blocked, id=13704, stack(0x000000c5f1500000,0x000000c5f1600000) (1024K)]
  0x000001f6f7ce9f50 JavaThread "pool-1-thread-1"                   [_thread_blocked, id=13472, stack(0x000000c5f1600000,0x000000c5f1700000) (1024K)]
  0x000001f6f7ced3d0 JavaThread "ForkJoinPool.commonPool-worker-3" daemon [_thread_blocked, id=3696, stack(0x000000c5ed500000,0x000000c5ed600000) (1024K)]
  0x000001f6f7ce98c0 JavaThread "ForkJoinPool.commonPool-worker-5" daemon [_thread_blocked, id=12608, stack(0x000000c5ed700000,0x000000c5ed800000) (1024K)]
  0x000001f6f7ceee10 JavaThread "Worker-6"                          [_thread_blocked, id=22420, stack(0x000000c5ef600000,0x000000c5ef700000) (1024K)]
  0x000001f6f7cef4a0 JavaThread "Compiler Source File Reader" daemon [_thread_blocked, id=14996, stack(0x000000c5ef700000,0x000000c5ef800000) (1024K)]
  0x000001f6f7cf01c0 JavaThread "Compiler Processing Task"   daemon [_thread_blocked, id=18104, stack(0x000000c5efc00000,0x000000c5efd00000) (1024K)]
  0x000001f6f7cf0850 JavaThread "Compiler Source File Reader" daemon [_thread_blocked, id=25192, stack(0x000000c5eff00000,0x000000c5f0000000) (1024K)]
  0x000001f6f7cec020 JavaThread "Compiler Source File Reader" daemon [_thread_blocked, id=17132, stack(0x000000c5f0200000,0x000000c5f0300000) (1024K)]
  0x000001f6f5b27d40 JavaThread "Compiler Source File Reader" daemon [_thread_blocked, id=10228, stack(0x000000c5f1700000,0x000000c5f1800000) (1024K)]
Total: 50

Other Threads:
  0x000001f696443ae0 VMThread "VM Thread"                           [id=4240, stack(0x000000c5edb00000,0x000000c5edc00000) (1024K)]
  0x000001f6963f1740 WatcherThread "VM Periodic Task Thread"        [id=19380, stack(0x000000c5eda00000,0x000000c5edb00000) (1024K)]
  0x000001f6963a1fe0 WorkerThread "GC Thread#0"                     [id=21572, stack(0x000000c5ed900000,0x000000c5eda00000) (1024K)]
  0x000001f6f55799e0 WorkerThread "GC Thread#1"                     [id=6148, stack(0x000000c5ee800000,0x000000c5ee900000) (1024K)]
  0x000001f6f54f4c60 WorkerThread "GC Thread#2"                     [id=5012, stack(0x000000c5ee900000,0x000000c5eea00000) (1024K)]
  0x000001f6f55494e0 WorkerThread "GC Thread#3"                     [id=16080, stack(0x000000c5eea00000,0x000000c5eeb00000) (1024K)]
  0x000001f6f5549890 WorkerThread "GC Thread#4"                     [id=17332, stack(0x000000c5eeb00000,0x000000c5eec00000) (1024K)]
  0x000001f6f527eec0 WorkerThread "GC Thread#5"                     [id=17944, stack(0x000000c5eec00000,0x000000c5eed00000) (1024K)]
  0x000001f6f527fa90 WorkerThread "GC Thread#6"                     [id=8292, stack(0x000000c5eed00000,0x000000c5eee00000) (1024K)]
  0x000001f6f534aa00 WorkerThread "GC Thread#7"                     [id=13372, stack(0x000000c5eef00000,0x000000c5ef000000) (1024K)]
  0x000001f6ef4910d0 WorkerThread "GC Thread#8"                     [id=19712, stack(0x000000c5ee400000,0x000000c5ee500000) (1024K)]
  0x000001f6ef491dd0 WorkerThread "GC Thread#9"                     [id=12152, stack(0x000000c5ee500000,0x000000c5ee600000) (1024K)]
  0x000001f6f53b37a0 WorkerThread "GC Thread#10"                    [id=24252, stack(0x000000c5ef000000,0x000000c5ef100000) (1024K)]
  0x000001f6f59b1080 WorkerThread "GC Thread#11"                    [id=2528, stack(0x000000c5ef900000,0x000000c5efa00000) (1024K)]
  0x000001f6f59b1b90 WorkerThread "GC Thread#12"                    [id=22668, stack(0x000000c5efa00000,0x000000c5efb00000) (1024K)]
Total: 15

Threads with active compile tasks:
Total: 0

VM state: not at safepoint (normal execution)

VM Mutex/Monitor currently owned by a thread: None

Heap address: 0x0000000080000000, size: 2048 MB, Compressed Oops mode: 32-bit

CDS archive(s) mapped at: [0x000001f6ad000000-0x000001f6adba0000-0x000001f6adba0000), size 12189696, SharedBaseAddress: 0x000001f6ad000000, ArchiveRelocationMode: 1.
Compressed class space mapped at: 0x000001f6ae000000-0x000001f6ee000000, reserved size: 1073741824
Narrow klass base: 0x000001f6ad000000, Narrow klass shift: 0, Narrow klass range: 0x100000000

GC Precious Log:
 CardTable entry size: 512
 CPUs: 16 total, 16 available
 Memory: 6005M
 Large Page Support: Disabled
 NUMA Support: Disabled
 Compressed Oops: Enabled (32-bit)
 Alignments: Space 512K, Generation 512K, Heap 2M
 Heap Min Capacity: 100M
 Heap Initial Capacity: 100M
 Heap Max Capacity: 2G
 Pre-touch: Disabled
 Parallel Workers: 13

Heap:
 PSYoungGen      total 6656K, used 4525K [0x00000000d5580000, 0x00000000d5d80000, 0x0000000100000000)
  eden space 5120K, 76% used [0x00000000d5580000,0x00000000d5953788,0x00000000d5a80000)
  from space 1536K, 39% used [0x00000000d5b00000,0x00000000d5b98020,0x00000000d5c80000)
  to   space 1024K, 0% used [0x00000000d5c80000,0x00000000d5c80000,0x00000000d5d80000)
 ParOldGen       total 130560K, used 130133K [0x0000000080000000, 0x0000000087f80000, 0x00000000d5580000)
  object space 130560K, 99% used [0x0000000080000000,0x0000000087f156b0,0x0000000087f80000)
 Metaspace       used 64968K, committed 66368K, reserved 1114112K
  class space    used 6617K, committed 7232K, reserved 1048576K

Card table byte_map: [0x000001f695d30000,0x000001f696140000] _byte_map_base: 0x000001f695930000

Marking Bits: (ParMarkBitMap*) 0x00007ffb5ad03450
 Begin Bits: [0x000001f6a8840000, 0x000001f6aa840000)
 End Bits:   [0x000001f6aa840000, 0x000001f6ac840000)

Polling page: 0x000001f694200000

Metaspace:

Usage:
  Non-class:     56.98 MB used.
      Class:      6.46 MB used.
       Both:     63.45 MB used.

Virtual space:
  Non-class space:       64.00 MB reserved,      57.75 MB ( 90%) committed,  1 nodes.
      Class space:        1.00 GB reserved,       7.06 MB ( <1%) committed,  1 nodes.
             Both:        1.06 GB reserved,      64.81 MB (  6%) committed. 

Chunk freelists:
   Non-Class:  5.65 MB
       Class:  8.94 MB
        Both:  14.59 MB

MaxMetaspaceSize: unlimited
CompressedClassSpaceSize: 1.00 GB
Initial GC threshold: 21.00 MB
Current GC threshold: 97.31 MB
CDS: on
 - commit_granule_bytes: 65536.
 - commit_granule_words: 8192.
 - virtual_space_node_default_size: 8388608.
 - enlarge_chunks_in_place: 1.
 - use_allocation_guard: 0.


Internal statistics:

num_allocs_failed_limit: 9.
num_arena_births: 1230.
num_arena_deaths: 40.
num_vsnodes_births: 2.
num_vsnodes_deaths: 0.
num_space_committed: 1037.
num_space_uncommitted: 0.
num_chunks_returned_to_freelist: 58.
num_chunks_taken_from_freelist: 4394.
num_chunk_merges: 14.
num_chunk_splits: 2662.
num_chunks_enlarged: 1520.
num_inconsistent_stats: 0.

CodeHeap 'non-profiled nmethods': size=119168Kb used=9191Kb max_used=9191Kb free=109976Kb
 bounds [0x000001f6a1130000, 0x000001f6a1a30000, 0x000001f6a8590000]
CodeHeap 'profiled nmethods': size=119104Kb used=32033Kb max_used=32033Kb free=87070Kb
 bounds [0x000001f699590000, 0x000001f69b4e0000, 0x000001f6a09e0000]
CodeHeap 'non-nmethods': size=7488Kb used=1448Kb max_used=3219Kb free=6039Kb
 bounds [0x000001f6a09e0000, 0x000001f6a0d10000, 0x000001f6a1130000]
CodeCache: size=245760Kb, used=42672Kb, max_used=44443Kb, free=203085Kb
 total_blobs=14127, nmethods=13370, adapters=659, full_count=0
Compilation: enabled, stopped_count=0, restarted_count=0

Compilation events (20 events):
Event: 2010.901 Thread 0x000001f6f76d8bf0 nmethod 13924 0x000001f6a1a15290 code [0x000001f6a1a15420, 0x000001f6a1a154a8]
Event: 2010.901 Thread 0x000001f6f76d8bf0 13849       4       org.eclipse.jdt.internal.compiler.parser.Parser::concatGenericsLists (31 bytes)
Event: 2010.902 Thread 0x000001f6f76d8bf0 nmethod 13849 0x000001f6a1a15590 code [0x000001f6a1a15720, 0x000001f6a1a15830]
Event: 2010.902 Thread 0x000001f6f76d8bf0 13766       4       org.eclipse.jdt.internal.compiler.lookup.InferenceSubstitution::isSameParameter (6 bytes)
Event: 2010.902 Thread 0x000001f6f76d8bf0 nmethod 13766 0x000001f6a1a15910 code [0x000001f6a1a15aa0, 0x000001f6a1a15b58]
Event: 2010.902 Thread 0x000001f6f76d8bf0 13972       4       org.eclipse.jdt.internal.compiler.env.ITypeAnnotationWalker$1::toThrows (2 bytes)
Event: 2010.902 Thread 0x000001f6f76d8bf0 nmethod 13972 0x000001f6a1a15c10 code [0x000001f6a1a15da0, 0x000001f6a1a15e28]
Event: 2010.902 Thread 0x000001f6f76d8bf0 13856       4       org.eclipse.jdt.internal.core.PackageFragmentRoot::getPath (5 bytes)
Event: 2010.902 Thread 0x000001f6f76d8bf0 nmethod 13856 0x000001f6a1a15f10 code [0x000001f6a1a160a0, 0x000001f6a1a16150]
Event: 2010.902 Thread 0x000001f6f76d8bf0 13978       4       java.util.Arrays$ArrayList::size (6 bytes)
Event: 2010.903 Thread 0x000001f6f76d8bf0 nmethod 13978 0x000001f6a1a16210 code [0x000001f6a1a163a0, 0x000001f6a1a16440]
Event: 2010.903 Thread 0x000001f6f76d8bf0 14017       4       lombok.eclipse.EclipseASTAdapter::visitType (1 bytes)
Event: 2010.903 Thread 0x000001f6f76d8bf0 nmethod 14017 0x000001f6a1a16510 code [0x000001f6a1a166a0, 0x000001f6a1a16728]
Event: 2010.903 Thread 0x000001f6f76d8bf0 13652       4       java.nio.file.Files::newDirectoryStream (12 bytes)
Event: 2010.990 Thread 0x000001f6f76d8bf0 nmethod 13652 0x000001f6a1a16810 code [0x000001f6a1a16da0, 0x000001f6a1a1a0b8]
Event: 2011.074 Thread 0x000001f6ef398c90 nmethod 14021 0x000001f6a1a1c790 code [0x000001f6a1a1d020, 0x000001f6a1a25428]
Event: 2015.859 Thread 0x000001f6f76dbba0 14027       3       org.eclipse.lsp4j.jsonrpc.json.MessageJsonHandler::getJsonRpcMethod (39 bytes)
Event: 2015.860 Thread 0x000001f6f76dbba0 nmethod 14027 0x000001f69b4d7d10 code [0x000001f69b4d7f00, 0x000001f69b4d8318]
Event: 2030.871 Thread 0x000001f6ef398c90 14028       4       java.util.ArrayList$Itr::checkForComodification (23 bytes)
Event: 2030.872 Thread 0x000001f6ef398c90 nmethod 14028 0x000001f6a1a29b90 code [0x000001f6a1a29d20, 0x000001f6a1a29de0]

GC Heap History (20 events):
Event: 2010.576 GC heap before
{Heap before GC invocations=103 (full 3):
 PSYoungGen      total 6144K, used 6117K [0x00000000d5580000, 0x00000000d5e80000, 0x0000000100000000)
  eden space 5120K, 100% used [0x00000000d5580000,0x00000000d5a80000,0x00000000d5a80000)
  from space 1024K, 97% used [0x00000000d5a80000,0x00000000d5b79530,0x00000000d5b80000)
  to   space 2048K, 0% used [0x00000000d5c80000,0x00000000d5c80000,0x00000000d5e80000)
 ParOldGen       total 121856K, used 121401K [0x0000000080000000, 0x0000000087700000, 0x00000000d5580000)
  object space 121856K, 99% used [0x0000000080000000,0x000000008768e500,0x0000000087700000)
 Metaspace       used 64902K, committed 66304K, reserved 1114112K
  class space    used 6616K, committed 7232K, reserved 1048576K
}
Event: 2010.578 GC heap after
{Heap after GC invocations=103 (full 3):
 PSYoungGen      total 6656K, used 1421K [0x00000000d5580000, 0x00000000d5e00000, 0x0000000100000000)
  eden space 5120K, 0% used [0x00000000d5580000,0x00000000d5580000,0x00000000d5a80000)
  from space 1536K, 92% used [0x00000000d5c80000,0x00000000d5de34f0,0x00000000d5e00000)
  to   space 1536K, 0% used [0x00000000d5b00000,0x00000000d5b00000,0x00000000d5c80000)
 ParOldGen       total 122880K, used 122418K [0x0000000080000000, 0x0000000087800000, 0x00000000d5580000)
  object space 122880K, 99% used [0x0000000080000000,0x000000008778caf8,0x0000000087800000)
 Metaspace       used 64902K, committed 66304K, reserved 1114112K
  class space    used 6616K, committed 7232K, reserved 1048576K
}
Event: 2010.586 GC heap before
{Heap before GC invocations=104 (full 3):
 PSYoungGen      total 6656K, used 6541K [0x00000000d5580000, 0x00000000d5e00000, 0x0000000100000000)
  eden space 5120K, 100% used [0x00000000d5580000,0x00000000d5a80000,0x00000000d5a80000)
  from space 1536K, 92% used [0x00000000d5c80000,0x00000000d5de34f0,0x00000000d5e00000)
  to   space 1536K, 0% used [0x00000000d5b00000,0x00000000d5b00000,0x00000000d5c80000)
 ParOldGen       total 122880K, used 122418K [0x0000000080000000, 0x0000000087800000, 0x00000000d5580000)
  object space 122880K, 99% used [0x0000000080000000,0x000000008778caf8,0x0000000087800000)
 Metaspace       used 64903K, committed 66304K, reserved 1114112K
  class space    used 6616K, committed 7232K, reserved 1048576K
}
Event: 2010.587 GC heap after
{Heap after GC invocations=104 (full 3):
 PSYoungGen      total 6144K, used 640K [0x00000000d5580000, 0x00000000d5d00000, 0x0000000100000000)
  eden space 5120K, 0% used [0x00000000d5580000,0x00000000d5580000,0x00000000d5a80000)
  from space 1024K, 62% used [0x00000000d5b00000,0x00000000d5ba0020,0x00000000d5c00000)
  to   space 1024K, 0% used [0x00000000d5c00000,0x00000000d5c00000,0x00000000d5d00000)
 ParOldGen       total 123904K, used 123775K [0x0000000080000000, 0x0000000087900000, 0x00000000d5580000)
  object space 123904K, 99% used [0x0000000080000000,0x00000000878dfec8,0x0000000087900000)
 Metaspace       used 64903K, committed 66304K, reserved 1114112K
  class space    used 6616K, committed 7232K, reserved 1048576K
}
Event: 2010.604 GC heap before
{Heap before GC invocations=105 (full 3):
 PSYoungGen      total 6144K, used 5760K [0x00000000d5580000, 0x00000000d5d00000, 0x0000000100000000)
  eden space 5120K, 100% used [0x00000000d5580000,0x00000000d5a80000,0x00000000d5a80000)
  from space 1024K, 62% used [0x00000000d5b00000,0x00000000d5ba0020,0x00000000d5c00000)
  to   space 1024K, 0% used [0x00000000d5c00000,0x00000000d5c00000,0x00000000d5d00000)
 ParOldGen       total 123904K, used 123775K [0x0000000080000000, 0x0000000087900000, 0x00000000d5580000)
  object space 123904K, 99% used [0x0000000080000000,0x00000000878dfec8,0x0000000087900000)
 Metaspace       used 64910K, committed 66304K, reserved 1114112K
  class space    used 6616K, committed 7232K, reserved 1048576K
}
Event: 2010.605 GC heap after
{Heap after GC invocations=105 (full 3):
 PSYoungGen      total 6144K, used 805K [0x00000000d5580000, 0x00000000d5d00000, 0x0000000100000000)
  eden space 5120K, 0% used [0x00000000d5580000,0x00000000d5580000,0x00000000d5a80000)
  from space 1024K, 78% used [0x00000000d5c00000,0x00000000d5cc9550,0x00000000d5d00000)
  to   space 1024K, 0% used [0x00000000d5b00000,0x00000000d5b00000,0x00000000d5c00000)
 ParOldGen       total 124416K, used 124255K [0x0000000080000000, 0x0000000087980000, 0x00000000d5580000)
  object space 124416K, 99% used [0x0000000080000000,0x0000000087957ee8,0x0000000087980000)
 Metaspace       used 64910K, committed 66304K, reserved 1114112K
  class space    used 6616K, committed 7232K, reserved 1048576K
}
Event: 2010.644 GC heap before
{Heap before GC invocations=106 (full 3):
 PSYoungGen      total 6144K, used 5925K [0x00000000d5580000, 0x00000000d5d00000, 0x0000000100000000)
  eden space 5120K, 100% used [0x00000000d5580000,0x00000000d5a80000,0x00000000d5a80000)
  from space 1024K, 78% used [0x00000000d5c00000,0x00000000d5cc9550,0x00000000d5d00000)
  to   space 1024K, 0% used [0x00000000d5b00000,0x00000000d5b00000,0x00000000d5c00000)
 ParOldGen       total 124416K, used 124255K [0x0000000080000000, 0x0000000087980000, 0x00000000d5580000)
  object space 124416K, 99% used [0x0000000080000000,0x0000000087957ee8,0x0000000087980000)
 Metaspace       used 64923K, committed 66368K, reserved 1114112K
  class space    used 6616K, committed 7232K, reserved 1048576K
}
Event: 2010.646 GC heap after
{Heap after GC invocations=106 (full 3):
 PSYoungGen      total 6144K, used 999K [0x00000000d5580000, 0x00000000d6080000, 0x0000000100000000)
  eden space 5120K, 0% used [0x00000000d5580000,0x00000000d5580000,0x00000000d5a80000)
  from space 1024K, 97% used [0x00000000d5b00000,0x00000000d5bf9ec8,0x00000000d5c00000)
  to   space 3072K, 0% used [0x00000000d5d80000,0x00000000d5d80000,0x00000000d6080000)
 ParOldGen       total 125952K, used 125850K [0x0000000080000000, 0x0000000087b00000, 0x00000000d5580000)
  object space 125952K, 99% used [0x0000000080000000,0x0000000087ae6b58,0x0000000087b00000)
 Metaspace       used 64923K, committed 66368K, reserved 1114112K
  class space    used 6616K, committed 7232K, reserved 1048576K
}
Event: 2010.662 GC heap before
{Heap before GC invocations=107 (full 3):
 PSYoungGen      total 6144K, used 6119K [0x00000000d5580000, 0x00000000d6080000, 0x0000000100000000)
  eden space 5120K, 100% used [0x00000000d5580000,0x00000000d5a80000,0x00000000d5a80000)
  from space 1024K, 97% used [0x00000000d5b00000,0x00000000d5bf9ec8,0x00000000d5c00000)
  to   space 3072K, 0% used [0x00000000d5d80000,0x00000000d5d80000,0x00000000d6080000)
 ParOldGen       total 125952K, used 125850K [0x0000000080000000, 0x0000000087b00000, 0x00000000d5580000)
  object space 125952K, 99% used [0x0000000080000000,0x0000000087ae6b58,0x0000000087b00000)
 Metaspace       used 64930K, committed 66368K, reserved 1114112K
  class space    used 6616K, committed 7232K, reserved 1048576K
}
Event: 2010.665 GC heap after
{Heap after GC invocations=107 (full 3):
 PSYoungGen      total 6144K, used 640K [0x00000000d5580000, 0x00000000d5e80000, 0x0000000100000000)
  eden space 5120K, 0% used [0x00000000d5580000,0x00000000d5580000,0x00000000d5a80000)
  from space 1024K, 62% used [0x00000000d5d80000,0x00000000d5e20000,0x00000000d5e80000)
  to   space 1536K, 0% used [0x00000000d5b80000,0x00000000d5b80000,0x00000000d5d00000)
 ParOldGen       total 126976K, used 126786K [0x0000000080000000, 0x0000000087c00000, 0x00000000d5580000)
  object space 126976K, 99% used [0x0000000080000000,0x0000000087bd0a78,0x0000000087c00000)
 Metaspace       used 64930K, committed 66368K, reserved 1114112K
  class space    used 6616K, committed 7232K, reserved 1048576K
}
Event: 2010.679 GC heap before
{Heap before GC invocations=108 (full 3):
 PSYoungGen      total 6144K, used 5760K [0x00000000d5580000, 0x00000000d5e80000, 0x0000000100000000)
  eden space 5120K, 100% used [0x00000000d5580000,0x00000000d5a80000,0x00000000d5a80000)
  from space 1024K, 62% used [0x00000000d5d80000,0x00000000d5e20000,0x00000000d5e80000)
  to   space 1536K, 0% used [0x00000000d5b80000,0x00000000d5b80000,0x00000000d5d00000)
 ParOldGen       total 126976K, used 126786K [0x0000000080000000, 0x0000000087c00000, 0x00000000d5580000)
  object space 126976K, 99% used [0x0000000080000000,0x0000000087bd0a78,0x0000000087c00000)
 Metaspace       used 64931K, committed 66368K, reserved 1114112K
  class space    used 6616K, committed 7232K, reserved 1048576K
}
Event: 2010.681 GC heap after
{Heap after GC invocations=108 (full 3):
 PSYoungGen      total 6656K, used 608K [0x00000000d5580000, 0x00000000d5e00000, 0x0000000100000000)
  eden space 5120K, 0% used [0x00000000d5580000,0x00000000d5580000,0x00000000d5a80000)
  from space 1536K, 39% used [0x00000000d5b80000,0x00000000d5c18000,0x00000000d5d00000)
  to   space 1024K, 0% used [0x00000000d5d00000,0x00000000d5d00000,0x00000000d5e00000)
 ParOldGen       total 127488K, used 127242K [0x0000000080000000, 0x0000000087c80000, 0x00000000d5580000)
  object space 127488K, 99% used [0x0000000080000000,0x0000000087c42ad8,0x0000000087c80000)
 Metaspace       used 64931K, committed 66368K, reserved 1114112K
  class space    used 6616K, committed 7232K, reserved 1048576K
}
Event: 2010.696 GC heap before
{Heap before GC invocations=109 (full 3):
 PSYoungGen      total 6656K, used 5728K [0x00000000d5580000, 0x00000000d5e00000, 0x0000000100000000)
  eden space 5120K, 100% used [0x00000000d5580000,0x00000000d5a80000,0x00000000d5a80000)
  from space 1536K, 39% used [0x00000000d5b80000,0x00000000d5c18000,0x00000000d5d00000)
  to   space 1024K, 0% used [0x00000000d5d00000,0x00000000d5d00000,0x00000000d5e00000)
 ParOldGen       total 127488K, used 127242K [0x0000000080000000, 0x0000000087c80000, 0x00000000d5580000)
  object space 127488K, 99% used [0x0000000080000000,0x0000000087c42ad8,0x0000000087c80000)
 Metaspace       used 64935K, committed 66368K, reserved 1114112K
  class space    used 6616K, committed 7232K, reserved 1048576K
}
Event: 2010.698 GC heap after
{Heap after GC invocations=109 (full 3):
 PSYoungGen      total 6144K, used 800K [0x00000000d5580000, 0x00000000d5e00000, 0x0000000100000000)
  eden space 5120K, 0% used [0x00000000d5580000,0x00000000d5580000,0x00000000d5a80000)
  from space 1024K, 78% used [0x00000000d5d00000,0x00000000d5dc8020,0x00000000d5e00000)
  to   space 1024K, 0% used [0x00000000d5c00000,0x00000000d5c00000,0x00000000d5d00000)
 ParOldGen       total 128000K, used 127658K [0x0000000080000000, 0x0000000087d00000, 0x00000000d5580000)
  object space 128000K, 99% used [0x0000000080000000,0x0000000087caab18,0x0000000087d00000)
 Metaspace       used 64935K, committed 66368K, reserved 1114112K
  class space    used 6616K, committed 7232K, reserved 1048576K
}
Event: 2010.738 GC heap before
{Heap before GC invocations=110 (full 3):
 PSYoungGen      total 6144K, used 5920K [0x00000000d5580000, 0x00000000d5e00000, 0x0000000100000000)
  eden space 5120K, 100% used [0x00000000d5580000,0x00000000d5a80000,0x00000000d5a80000)
  from space 1024K, 78% used [0x00000000d5d00000,0x00000000d5dc8020,0x00000000d5e00000)
  to   space 1024K, 0% used [0x00000000d5c00000,0x00000000d5c00000,0x00000000d5d00000)
 ParOldGen       total 128000K, used 127658K [0x0000000080000000, 0x0000000087d00000, 0x00000000d5580000)
  object space 128000K, 99% used [0x0000000080000000,0x0000000087caab18,0x0000000087d00000)
 Metaspace       used 64955K, committed 66368K, reserved 1114112K
  class space    used 6616K, committed 7232K, reserved 1048576K
}
Event: 2010.740 GC heap after
{Heap after GC invocations=110 (full 3):
 PSYoungGen      total 6144K, used 1013K [0x00000000d5580000, 0x00000000d5f80000, 0x0000000100000000)
  eden space 5120K, 0% used [0x00000000d5580000,0x00000000d5580000,0x00000000d5a80000)
  from space 1024K, 98% used [0x00000000d5c00000,0x00000000d5cfd5c0,0x00000000d5d00000)
  to   space 2560K, 0% used [0x00000000d5d00000,0x00000000d5d00000,0x00000000d5f80000)
 ParOldGen       total 129024K, used 128738K [0x0000000080000000, 0x0000000087e00000, 0x00000000d5580000)
  object space 129024K, 99% used [0x0000000080000000,0x0000000087db8b78,0x0000000087e00000)
 Metaspace       used 64955K, committed 66368K, reserved 1114112K
  class space    used 6616K, committed 7232K, reserved 1048576K
}
Event: 2010.762 GC heap before
{Heap before GC invocations=111 (full 3):
 PSYoungGen      total 6144K, used 6133K [0x00000000d5580000, 0x00000000d5f80000, 0x0000000100000000)
  eden space 5120K, 100% used [0x00000000d5580000,0x00000000d5a80000,0x00000000d5a80000)
  from space 1024K, 98% used [0x00000000d5c00000,0x00000000d5cfd5c0,0x00000000d5d00000)
  to   space 2560K, 0% used [0x00000000d5d00000,0x00000000d5d00000,0x00000000d5f80000)
 ParOldGen       total 129024K, used 128738K [0x0000000080000000, 0x0000000087e00000, 0x00000000d5580000)
  object space 129024K, 99% used [0x0000000080000000,0x0000000087db8b78,0x0000000087e00000)
 Metaspace       used 64957K, committed 66368K, reserved 1114112K
  class space    used 6616K, committed 7232K, reserved 1048576K
}
Event: 2010.764 GC heap after
{Heap after GC invocations=111 (full 3):
 PSYoungGen      total 6144K, used 544K [0x00000000d5580000, 0x00000000d5e00000, 0x0000000100000000)
  eden space 5120K, 0% used [0x00000000d5580000,0x00000000d5580000,0x00000000d5a80000)
  from space 1024K, 53% used [0x00000000d5d00000,0x00000000d5d88000,0x00000000d5e00000)
  to   space 1536K, 0% used [0x00000000d5b00000,0x00000000d5b00000,0x00000000d5c80000)
 ParOldGen       total 130048K, used 129757K [0x0000000080000000, 0x0000000087f00000, 0x00000000d5580000)
  object space 130048K, 99% used [0x0000000080000000,0x0000000087eb7670,0x0000000087f00000)
 Metaspace       used 64957K, committed 66368K, reserved 1114112K
  class space    used 6616K, committed 7232K, reserved 1048576K
}
Event: 2010.779 GC heap before
{Heap before GC invocations=112 (full 3):
 PSYoungGen      total 6144K, used 5664K [0x00000000d5580000, 0x00000000d5e00000, 0x0000000100000000)
  eden space 5120K, 100% used [0x00000000d5580000,0x00000000d5a80000,0x00000000d5a80000)
  from space 1024K, 53% used [0x00000000d5d00000,0x00000000d5d88000,0x00000000d5e00000)
  to   space 1536K, 0% used [0x00000000d5b00000,0x00000000d5b00000,0x00000000d5c80000)
 ParOldGen       total 130048K, used 129757K [0x0000000080000000, 0x0000000087f00000, 0x00000000d5580000)
  object space 130048K, 99% used [0x0000000080000000,0x0000000087eb7670,0x0000000087f00000)
 Metaspace       used 64959K, committed 66368K, reserved 1114112K
  class space    used 6617K, committed 7232K, reserved 1048576K
}
Event: 2010.780 GC heap after
{Heap after GC invocations=112 (full 3):
 PSYoungGen      total 6656K, used 608K [0x00000000d5580000, 0x00000000d5d80000, 0x0000000100000000)
  eden space 5120K, 0% used [0x00000000d5580000,0x00000000d5580000,0x00000000d5a80000)
  from space 1536K, 39% used [0x00000000d5b00000,0x00000000d5b98020,0x00000000d5c80000)
  to   space 1024K, 0% used [0x00000000d5c80000,0x00000000d5c80000,0x00000000d5d80000)
 ParOldGen       total 130560K, used 130133K [0x0000000080000000, 0x0000000087f80000, 0x00000000d5580000)
  object space 130560K, 99% used [0x0000000080000000,0x0000000087f156b0,0x0000000087f80000)
 Metaspace       used 64959K, committed 66368K, reserved 1114112K
  class space    used 6617K, committed 7232K, reserved 1048576K
}

Dll operation events (10 events):
Event: 0.009 Loaded shared library c:\Users\Leonardo\.vscode\extensions\redhat.java-1.54.0-win32-x64\jre\21.0.10-win32-x86_64\bin\java.dll
Event: 0.128 Loaded shared library c:\Users\Leonardo\.vscode\extensions\redhat.java-1.54.0-win32-x64\jre\21.0.10-win32-x86_64\bin\zip.dll
Event: 0.164 Loaded shared library C:\Users\Leonardo\.vscode\extensions\redhat.java-1.54.0-win32-x64\jre\21.0.10-win32-x86_64\bin\instrument.dll
Event: 0.172 Loaded shared library C:\Users\Leonardo\.vscode\extensions\redhat.java-1.54.0-win32-x64\jre\21.0.10-win32-x86_64\bin\net.dll
Event: 0.175 Loaded shared library C:\Users\Leonardo\.vscode\extensions\redhat.java-1.54.0-win32-x64\jre\21.0.10-win32-x86_64\bin\nio.dll
Event: 0.184 Loaded shared library C:\Users\Leonardo\.vscode\extensions\redhat.java-1.54.0-win32-x64\jre\21.0.10-win32-x86_64\bin\zip.dll
Event: 0.218 Loaded shared library C:\Users\Leonardo\.vscode\extensions\redhat.java-1.54.0-win32-x64\jre\21.0.10-win32-x86_64\bin\jimage.dll
Event: 0.379 Loaded shared library c:\Users\Leonardo\.vscode\extensions\redhat.java-1.54.0-win32-x64\jre\21.0.10-win32-x86_64\bin\verify.dll
Event: 11.180 Loaded shared library C:\Users\Leonardo\AppData\Roaming\Code\User\globalStorage\redhat.java\1.54.0\config_win\org.eclipse.equinox.launcher\org.eclipse.equinox.launcher.win32.win32.x86_64_1.3.0.v20260203-2149\eclipse_11919.dll
Event: 17.636 Loaded shared library C:\Users\Leonardo\AppData\Local\Temp\jna-2035583412\jna8230707430999789070.dll

Deoptimization events (20 events):
Event: 2010.522 Thread 0x000001f6f5b276b0 DEOPT PACKING pc=0x000001f69b3453a2 sp=0x000000c5efefdec0
Event: 2010.522 Thread 0x000001f6f5b276b0 DEOPT UNPACKING pc=0x000001f6a0a34242 sp=0x000000c5efefd438 mode 0
Event: 2010.533 Thread 0x000001f6f5b276b0 Uncommon trap: trap_request=0xffffff76 fr.pc=0x000001f6a19d2428 relative=0x00000000000007c8
Event: 2010.533 Thread 0x000001f6f5b276b0 Uncommon trap: reason=predicate action=maybe_recompile pc=0x000001f6a19d2428 method=org.eclipse.jdt.internal.compiler.lookup.Scope.getMatchingUninitializedType(Lorg/eclipse/jdt/internal/compiler/lookup/TypeBinding;Z)Lorg/eclipse/jdt/internal/compiler/look
Event: 2010.533 Thread 0x000001f6f5b276b0 DEOPT PACKING pc=0x000001f6a19d2428 sp=0x000000c5efefe320
Event: 2010.533 Thread 0x000001f6f5b276b0 DEOPT UNPACKING pc=0x000001f6a0a33aa2 sp=0x000000c5efefe2a8 mode 2
Event: 2010.535 Thread 0x000001f6f5b276b0 DEOPT PACKING pc=0x000001f69b3453a2 sp=0x000000c5efefd8c0
Event: 2010.535 Thread 0x000001f6f5b276b0 DEOPT UNPACKING pc=0x000001f6a0a34242 sp=0x000000c5efefce38 mode 0
Event: 2010.585 Thread 0x000001f6f5b276b0 DEOPT PACKING pc=0x000001f69b3453a2 sp=0x000000c5efefd270
Event: 2010.585 Thread 0x000001f6f5b276b0 DEOPT UNPACKING pc=0x000001f6a0a34242 sp=0x000000c5efefc7e8 mode 0
Event: 2010.637 Thread 0x000001f6f5b276b0 DEOPT PACKING pc=0x000001f69b3453a2 sp=0x000000c5efefe420
Event: 2010.637 Thread 0x000001f6f5b276b0 DEOPT UNPACKING pc=0x000001f6a0a34242 sp=0x000000c5efefd998 mode 0
Event: 2010.694 Thread 0x000001f6f5b276b0 DEOPT PACKING pc=0x000001f69b3453a2 sp=0x000000c5efefdbe0
Event: 2010.694 Thread 0x000001f6f5b276b0 DEOPT UNPACKING pc=0x000001f6a0a34242 sp=0x000000c5efefd158 mode 0
Event: 2010.709 Thread 0x000001f6f5b276b0 DEOPT PACKING pc=0x000001f69b3453a2 sp=0x000000c5efefd2c0
Event: 2010.709 Thread 0x000001f6f5b276b0 DEOPT UNPACKING pc=0x000001f6a0a34242 sp=0x000000c5efefc838 mode 0
Event: 2010.728 Thread 0x000001f6f5b276b0 DEOPT PACKING pc=0x000001f69ac36ddb sp=0x000000c5efefdb20
Event: 2010.728 Thread 0x000001f6f5b276b0 DEOPT UNPACKING pc=0x000001f6a0a34242 sp=0x000000c5efefd040 mode 0
Event: 2010.793 Thread 0x000001f6f5b276b0 DEOPT PACKING pc=0x000001f69b3453a2 sp=0x000000c5efefd7c0
Event: 2010.793 Thread 0x000001f6f5b276b0 DEOPT UNPACKING pc=0x000001f6a0a34242 sp=0x000000c5efefcd38 mode 0

Classes loaded (20 events):
Event: 1000.911 Loading class java/util/stream/DistinctOps$1$2
Event: 1000.927 Loading class java/util/stream/DistinctOps$1$2 done
Event: 2008.828 Loading class java/util/concurrent/ConcurrentHashMap$TreeNode
Event: 2008.855 Loading class java/util/concurrent/ConcurrentHashMap$TreeNode done
Event: 2008.855 Loading class java/util/concurrent/ConcurrentHashMap$TreeBin
Event: 2008.860 Loading class java/util/concurrent/ConcurrentHashMap$TreeBin done
Event: 2009.158 Loading class java/util/stream/ReduceOps$5
Event: 2009.159 Loading class java/util/stream/ReduceOps$5 done
Event: 2009.159 Loading class java/util/stream/ReduceOps$CountingSink$OfRef
Event: 2009.159 Loading class java/util/stream/ReduceOps$CountingSink
Event: 2009.161 Loading class java/util/stream/ReduceOps$CountingSink done
Event: 2009.161 Loading class java/util/stream/ReduceOps$CountingSink$OfRef done
Event: 2009.249 Loading class java/nio/file/Files$2
Event: 2009.251 Loading class java/nio/file/Files$2 done
Event: 2009.426 Loading class java/util/zip/CheckedInputStream
Event: 2009.427 Loading class java/util/zip/CheckedInputStream done
Event: 2009.571 Loading class java/util/concurrent/ArrayBlockingQueue
Event: 2009.575 Loading class java/util/concurrent/ArrayBlockingQueue done
Event: 2009.940 Loading class sun/nio/ch/ChannelOutputStream
Event: 2009.942 Loading class sun/nio/ch/ChannelOutputStream done

Classes unloaded (20 events):
Event: 18.642 Thread 0x000001f696443ae0 Unloading class 0x000001f6ae1ac000 'java/lang/invoke/LambdaForm$MH+0x000001f6ae1ac000'
Event: 18.642 Thread 0x000001f696443ae0 Unloading class 0x000001f6ae1abc00 'java/lang/invoke/LambdaForm$MH+0x000001f6ae1abc00'
Event: 18.642 Thread 0x000001f696443ae0 Unloading class 0x000001f6ae1ab800 'java/lang/invoke/LambdaForm$MH+0x000001f6ae1ab800'
Event: 18.642 Thread 0x000001f696443ae0 Unloading class 0x000001f6ae1ab400 'java/lang/invoke/LambdaForm$MH+0x000001f6ae1ab400'
Event: 18.642 Thread 0x000001f696443ae0 Unloading class 0x000001f6ae1ab000 'java/lang/invoke/LambdaForm$BMH+0x000001f6ae1ab000'
Event: 18.642 Thread 0x000001f696443ae0 Unloading class 0x000001f6ae1aac00 'java/lang/invoke/LambdaForm$DMH+0x000001f6ae1aac00'
Event: 18.642 Thread 0x000001f696443ae0 Unloading class 0x000001f6ae1a9800 'java/lang/invoke/LambdaForm$DMH+0x000001f6ae1a9800'
Event: 20.362 Thread 0x000001f696443ae0 Unloading class 0x000001f6ae315400 'java/lang/invoke/LambdaForm$MH+0x000001f6ae315400'
Event: 20.362 Thread 0x000001f696443ae0 Unloading class 0x000001f6ae314800 'java/lang/invoke/LambdaForm$MH+0x000001f6ae314800'
Event: 20.362 Thread 0x000001f696443ae0 Unloading class 0x000001f6ae314000 'java/lang/invoke/LambdaForm$MH+0x000001f6ae314000'
Event: 20.362 Thread 0x000001f696443ae0 Unloading class 0x000001f6ae313800 'java/lang/invoke/LambdaForm$MH+0x000001f6ae313800'
Event: 20.362 Thread 0x000001f696443ae0 Unloading class 0x000001f6ae313400 'java/lang/invoke/LambdaForm$DMH+0x000001f6ae313400'
Event: 20.362 Thread 0x000001f696443ae0 Unloading class 0x000001f6ae312800 'java/lang/invoke/LambdaForm$MH+0x000001f6ae312800'
Event: 20.362 Thread 0x000001f696443ae0 Unloading class 0x000001f6ae30a800 'java/lang/invoke/LambdaForm$MH+0x000001f6ae30a800'
Event: 20.362 Thread 0x000001f696443ae0 Unloading class 0x000001f6ae30a000 'java/lang/invoke/LambdaForm$MH+0x000001f6ae30a000'
Event: 20.362 Thread 0x000001f696443ae0 Unloading class 0x000001f6ae309800 'java/lang/invoke/LambdaForm$MH+0x000001f6ae309800'
Event: 20.362 Thread 0x000001f696443ae0 Unloading class 0x000001f6ae309000 'java/lang/invoke/LambdaForm$MH+0x000001f6ae309000'
Event: 20.362 Thread 0x000001f696443ae0 Unloading class 0x000001f6ae308c00 'java/lang/invoke/LambdaForm$MH+0x000001f6ae308c00'
Event: 20.362 Thread 0x000001f696443ae0 Unloading class 0x000001f6ae308400 'java/lang/invoke/LambdaForm$MH+0x000001f6ae308400'
Event: 20.362 Thread 0x000001f696443ae0 Unloading class 0x000001f6ae301000 'java/lang/invoke/LambdaForm$MH+0x000001f6ae301000'

Classes redefined (0 events):
No events

Internal exceptions (20 events):
Event: 28.962 Thread 0x000001f6f7ce9f50 Exception <a 'sun/nio/fs/WindowsException'{0x00000000d66042b8}> (0x00000000d66042b8) 
thrown [s\src\hotspot\share\prims\jni.cpp, line 520]
Event: 28.962 Thread 0x000001f6f7ce9f50 Exception <a 'sun/nio/fs/WindowsException'{0x00000000d6604b98}> (0x00000000d6604b98) 
thrown [s\src\hotspot\share\prims\jni.cpp, line 520]
Event: 28.963 Thread 0x000001f6f7ce9f50 Exception <a 'sun/nio/fs/WindowsException'{0x00000000d66069e8}> (0x00000000d66069e8) 
thrown [s\src\hotspot\share\prims\jni.cpp, line 520]
Event: 28.963 Thread 0x000001f6f7ce9f50 Exception <a 'sun/nio/fs/WindowsException'{0x00000000d66073c0}> (0x00000000d66073c0) 
thrown [s\src\hotspot\share\prims\jni.cpp, line 520]
Event: 28.965 Thread 0x000001f6f7ce9f50 Exception <a 'sun/nio/fs/WindowsException'{0x00000000d66191b8}> (0x00000000d66191b8) 
thrown [s\src\hotspot\share\prims\jni.cpp, line 520]
Event: 28.965 Thread 0x000001f6f7ce9f50 Exception <a 'sun/nio/fs/WindowsException'{0x00000000d66198e0}> (0x00000000d66198e0) 
thrown [s\src\hotspot\share\prims\jni.cpp, line 520]
Event: 28.965 Thread 0x000001f6f7ce9f50 Exception <a 'sun/nio/fs/WindowsException'{0x00000000d661a760}> (0x00000000d661a760) 
thrown [s\src\hotspot\share\prims\jni.cpp, line 520]
Event: 28.965 Thread 0x000001f6f7ce9f50 Exception <a 'sun/nio/fs/WindowsException'{0x00000000d661ae88}> (0x00000000d661ae88) 
thrown [s\src\hotspot\share\prims\jni.cpp, line 520]
Event: 28.967 Thread 0x000001f6f7ce9f50 Exception <a 'java/lang/IncompatibleClassChangeError'{0x00000000d6639378}: Found class java.lang.Object, but interface was expected> (0x00000000d6639378) 
thrown [s\src\hotspot\share\interpreter\linkResolver.cpp, line 840]
Event: 29.721 Thread 0x000001f6f64f7910 Exception <a 'java/io/FileNotFoundException'{0x00000000d5f50f40}> (0x00000000d5f50f40) 
thrown [s\src\hotspot\share\prims\jni.cpp, line 520]
Event: 29.721 Thread 0x000001f6f64f7910 Exception <a 'java/io/FileNotFoundException'{0x00000000d5f51fa8}> (0x00000000d5f51fa8) 
thrown [s\src\hotspot\share\prims\jni.cpp, line 520]
Event: 29.721 Thread 0x000001f6f64f7910 Exception <a 'java/io/FileNotFoundException'{0x00000000d5f52d68}> (0x00000000d5f52d68) 
thrown [s\src\hotspot\share\prims\jni.cpp, line 520]
Event: 1854.530 Thread 0x000001f6f7ce9f50 Exception <a 'java/lang/IncompatibleClassChangeError'{0x00000000d5842d40}: Found class java.lang.Object, but interface was expected> (0x00000000d5842d40) 
thrown [s\src\hotspot\share\interpreter\linkResolver.cpp, line 840]
Event: 1888.815 Thread 0x000001f6f7ce9f50 Exception <a 'java/lang/IncompatibleClassChangeError'{0x00000000d5959db8}: Found class java.lang.Object, but interface was expected> (0x00000000d5959db8) 
thrown [s\src\hotspot\share\interpreter\linkResolver.cpp, line 840]
Event: 1888.836 Thread 0x000001f6f7cec020 Exception <a 'java/lang/NoSuchMethodError'{0x00000000d55931f8}: 'java.lang.Object java.lang.invoke.DirectMethodHandle$Holder.invokeSpecial(java.lang.Object, java.lang.Object, java.lang.Object, java.lang.Object, int, java.lang.Object, java.lang.Object)'> (0x00000000d55931f8) 
thrown [s\src\hotspot\share\interpreter\linkResolver.cpp, line 773]
Event: 2006.539 Thread 0x000001f6f7ce9f50 Exception <a 'java/lang/IncompatibleClassChangeError'{0x00000000d5948240}: Found class java.lang.Object, but interface was expected> (0x00000000d5948240) 
thrown [s\src\hotspot\share\interpreter\linkResolver.cpp, line 840]
Event: 2008.965 Thread 0x000001f6f7ce9f50 Exception <a 'java/io/FileNotFoundException'{0x00000000d5934af0}> (0x00000000d5934af0) 
thrown [s\src\hotspot\share\prims\jni.cpp, line 520]
Event: 2008.966 Thread 0x000001f6f7ce9f50 Exception <a 'java/io/FileNotFoundException'{0x00000000d59735a8}> (0x00000000d59735a8) 
thrown [s\src\hotspot\share\prims\jni.cpp, line 520]
Event: 2008.967 Thread 0x000001f6f7ce9f50 Exception <a 'java/io/FileNotFoundException'{0x00000000d5974608}> (0x00000000d5974608) 
thrown [s\src\hotspot\share\prims\jni.cpp, line 520]
Event: 2008.986 Thread 0x000001f6f5b276b0 Implicit null exception at 0x000001f6a152b5e2 to 0x000001f6a152ba18

ZGC Phase Switch (0 events):
No events

VM Operations (20 events):
Event: 2010.586 Executing safepoint VM operation: ParallelGCFailedAllocation (Allocation Failure)
Event: 2010.587 Executing safepoint VM operation: ParallelGCFailedAllocation (Allocation Failure) done
Event: 2010.604 Executing safepoint VM operation: ParallelGCFailedAllocation (Allocation Failure)
Event: 2010.605 Executing safepoint VM operation: ParallelGCFailedAllocation (Allocation Failure) done
Event: 2010.644 Executing safepoint VM operation: ParallelGCFailedAllocation (Allocation Failure)
Event: 2010.647 Executing safepoint VM operation: ParallelGCFailedAllocation (Allocation Failure) done
Event: 2010.662 Executing safepoint VM operation: ParallelGCFailedAllocation (Allocation Failure)
Event: 2010.665 Executing safepoint VM operation: ParallelGCFailedAllocation (Allocation Failure) done
Event: 2010.679 Executing safepoint VM operation: ParallelGCFailedAllocation (Allocation Failure)
Event: 2010.681 Executing safepoint VM operation: ParallelGCFailedAllocation (Allocation Failure) done
Event: 2010.696 Executing safepoint VM operation: ParallelGCFailedAllocation (Allocation Failure)
Event: 2010.698 Executing safepoint VM operation: ParallelGCFailedAllocation (Allocation Failure) done
Event: 2010.738 Executing safepoint VM operation: ParallelGCFailedAllocation (Allocation Failure)
Event: 2010.740 Executing safepoint VM operation: ParallelGCFailedAllocation (Allocation Failure) done
Event: 2010.762 Executing safepoint VM operation: ParallelGCFailedAllocation (Allocation Failure)
Event: 2010.764 Executing safepoint VM operation: ParallelGCFailedAllocation (Allocation Failure) done
Event: 2010.779 Executing safepoint VM operation: ParallelGCFailedAllocation (Allocation Failure)
Event: 2010.780 Executing safepoint VM operation: ParallelGCFailedAllocation (Allocation Failure) done
Event: 2011.795 Executing safepoint VM operation: Cleanup
Event: 2011.795 Executing safepoint VM operation: Cleanup done

Memory protections (0 events):
No events

Nmethod flushes (20 events):
Event: 27.709 Thread 0x000001f696443ae0 flushing  nmethod 0x000001f699ef1b10
Event: 27.709 Thread 0x000001f696443ae0 flushing  nmethod 0x000001f699ef2110
Event: 27.709 Thread 0x000001f696443ae0 flushing  nmethod 0x000001f699ef2990
Event: 27.709 Thread 0x000001f696443ae0 flushing  nmethod 0x000001f699ef5090
Event: 27.709 Thread 0x000001f696443ae0 flushing  nmethod 0x000001f699f03190
Event: 27.709 Thread 0x000001f696443ae0 flushing  nmethod 0x000001f699f07790
Event: 27.709 Thread 0x000001f696443ae0 flushing  nmethod 0x000001f699f10f90
Event: 27.709 Thread 0x000001f696443ae0 flushing  nmethod 0x000001f699f47110
Event: 27.709 Thread 0x000001f696443ae0 flushing  nmethod 0x000001f699f56910
Event: 27.709 Thread 0x000001f696443ae0 flushing  nmethod 0x000001f699f97010
Event: 27.709 Thread 0x000001f696443ae0 flushing  nmethod 0x000001f699f9f310
Event: 27.709 Thread 0x000001f696443ae0 flushing  nmethod 0x000001f699f9fe90
Event: 27.709 Thread 0x000001f696443ae0 flushing  nmethod 0x000001f699fa0910
Event: 27.709 Thread 0x000001f696443ae0 flushing  nmethod 0x000001f699fa0d10
Event: 27.709 Thread 0x000001f696443ae0 flushing  nmethod 0x000001f699fa1110
Event: 27.709 Thread 0x000001f696443ae0 flushing  nmethod 0x000001f699fa1a10
Event: 27.709 Thread 0x000001f696443ae0 flushing  nmethod 0x000001f699fa1e90
Event: 27.709 Thread 0x000001f696443ae0 flushing  nmethod 0x000001f699fa2410
Event: 27.709 Thread 0x000001f696443ae0 flushing  nmethod 0x000001f699fa2f10
Event: 27.709 Thread 0x000001f696443ae0 flushing  nmethod 0x000001f699fa6990

Events (20 events):
Event: 1891.090 Thread 0x000001f6f5c0a530 Thread exited: 0x000001f6f5c0a530
Event: 1891.111 Thread 0x000001f6f76d8bf0 Thread added: 0x000001f6f76d9990
Event: 1896.286 Thread 0x000001f6f76d8bf0 Thread exited: 0x000001f6f76d8bf0
Event: 1896.642 Thread 0x000001f6f76d9990 Thread exited: 0x000001f6f76d9990
Event: 1948.931 Thread 0x000001f6f7cec020 Thread exited: 0x000001f6f7cec020
Event: 2006.442 Thread 0x000001f6ef399730 Thread added: 0x000001f6f76dbba0
Event: 2006.605 Thread 0x000001f6f7ce9f50 Thread added: 0x000001f6f7ce98c0
Event: 2009.252 Thread 0x000001f6f64f7910 Thread added: 0x000001f6f7ceee10
Event: 2009.547 Thread 0x000001f6f64f7910 Thread added: 0x000001f6f7cef4a0
Event: 2009.577 Thread 0x000001f6f64f7910 Thread added: 0x000001f6f7cf01c0
Event: 2009.588 Thread 0x000001f6f76dbba0 Thread added: 0x000001f6f76d8bf0
Event: 2009.958 Thread 0x000001f6f64f7910 Thread added: 0x000001f6f7cf0850
Event: 2009.958 Thread 0x000001f6f64f7910 Thread added: 0x000001f6f7cec020
Event: 2009.958 Thread 0x000001f6f64f7910 Thread added: 0x000001f6f5b27d40
Event: 2010.417 Thread 0x000001f6ef399730 Thread added: 0x000001f6f76d9990
Event: 2010.417 Thread 0x000001f6ef399730 Thread added: 0x000001f6f88f7200
Event: 2015.809 Thread 0x000001f6f88f7200 Thread exited: 0x000001f6f88f7200
Event: 2015.809 Thread 0x000001f6f76d8bf0 Thread exited: 0x000001f6f76d8bf0
Event: 2015.809 Thread 0x000001f6f76d9990 Thread exited: 0x000001f6f76d9990
Event: 2020.869 Thread 0x000001f6f76dbba0 Thread exited: 0x000001f6f76dbba0


Dynamic libraries:
0x00007ff725fc0000 - 0x00007ff725fce000 	c:\Users\Leonardo\.vscode\extensions\redhat.java-1.54.0-win32-x64\jre\21.0.10-win32-x86_64\bin\java.exe
0x00007ffc129f0000 - 0x00007ffc12be8000 	C:\Windows\SYSTEM32\ntdll.dll
0x00007ffc11330000 - 0x00007ffc113f2000 	C:\Windows\System32\KERNEL32.DLL
0x00007ffc101e0000 - 0x00007ffc104d6000 	C:\Windows\System32\KERNELBASE.dll
0x00007ffc10590000 - 0x00007ffc10690000 	C:\Windows\System32\ucrtbase.dll
0x00007ffbeb100000 - 0x00007ffbeb118000 	c:\Users\Leonardo\.vscode\extensions\redhat.java-1.54.0-win32-x64\jre\21.0.10-win32-x86_64\bin\jli.dll
0x00007ffbeb4e0000 - 0x00007ffbeb4fe000 	c:\Users\Leonardo\.vscode\extensions\redhat.java-1.54.0-win32-x64\jre\21.0.10-win32-x86_64\bin\VCRUNTIME140.dll
0x00007ffc10a10000 - 0x00007ffc10bb1000 	C:\Windows\System32\USER32.dll
0x00007ffc108a0000 - 0x00007ffc108c2000 	C:\Windows\System32\win32u.dll
0x00007ffc01470000 - 0x00007ffc0170b000 	C:\Windows\WinSxS\amd64_microsoft.windows.common-controls_6595b64144ccf1df_6.0.19041.6456_none_60b8a6cb71f64256\COMCTL32.dll
0x00007ffc10bc0000 - 0x00007ffc10beb000 	C:\Windows\System32\GDI32.dll
0x00007ffc10bf0000 - 0x00007ffc10c8e000 	C:\Windows\System32\msvcrt.dll
0x00007ffc10690000 - 0x00007ffc107a9000 	C:\Windows\System32\gdi32full.dll
0x00007ffc107b0000 - 0x00007ffc1084d000 	C:\Windows\System32\msvcp_win.dll
0x00007ffc12570000 - 0x00007ffc1259f000 	C:\Windows\System32\IMM32.DLL
0x00007ffbf06e0000 - 0x00007ffbf06ec000 	c:\Users\Leonardo\.vscode\extensions\redhat.java-1.54.0-win32-x64\jre\21.0.10-win32-x86_64\bin\vcruntime140_1.dll
0x00007ffb70860000 - 0x00007ffb708ed000 	c:\Users\Leonardo\.vscode\extensions\redhat.java-1.54.0-win32-x64\jre\21.0.10-win32-x86_64\bin\msvcp140.dll
0x00007ffb5a040000 - 0x00007ffb5ade1000 	c:\Users\Leonardo\.vscode\extensions\redhat.java-1.54.0-win32-x64\jre\21.0.10-win32-x86_64\bin\server\jvm.dll
0x00007ffc11000000 - 0x00007ffc110b1000 	C:\Windows\System32\ADVAPI32.dll
0x00007ffc125a0000 - 0x00007ffc1263f000 	C:\Windows\System32\sechost.dll
0x00007ffc12820000 - 0x00007ffc12940000 	C:\Windows\System32\RPCRT4.dll
0x00007ffc10560000 - 0x00007ffc10587000 	C:\Windows\System32\bcrypt.dll
0x00007ffc12940000 - 0x00007ffc129ab000 	C:\Windows\System32\WS2_32.dll
0x00007ffc063f0000 - 0x00007ffc06417000 	C:\Windows\SYSTEM32\WINMM.dll
0x00007ffc0fad0000 - 0x00007ffc0fb1b000 	C:\Windows\SYSTEM32\POWRPROF.dll
0x00007ffc08350000 - 0x00007ffc0835a000 	C:\Windows\SYSTEM32\VERSION.dll
0x00007ffc0fa70000 - 0x00007ffc0fa82000 	C:\Windows\SYSTEM32\UMPDC.dll
0x00007ffc0e890000 - 0x00007ffc0e8a2000 	C:\Windows\SYSTEM32\kernel.appcore.dll
0x00007ffbedf80000 - 0x00007ffbedf8a000 	c:\Users\Leonardo\.vscode\extensions\redhat.java-1.54.0-win32-x64\jre\21.0.10-win32-x86_64\bin\jimage.dll
0x00007ffc0e430000 - 0x00007ffc0e631000 	C:\Windows\SYSTEM32\DBGHELP.DLL
0x00007ffbfd0b0000 - 0x00007ffbfd0e4000 	C:\Windows\SYSTEM32\dbgcore.DLL
0x00007ffc108d0000 - 0x00007ffc10952000 	C:\Windows\System32\bcryptPrimitives.dll
0x00007ffbeaf50000 - 0x00007ffbeaf5f000 	c:\Users\Leonardo\.vscode\extensions\redhat.java-1.54.0-win32-x64\jre\21.0.10-win32-x86_64\bin\instrument.dll
0x00007ffbeacb0000 - 0x00007ffbeacd0000 	c:\Users\Leonardo\.vscode\extensions\redhat.java-1.54.0-win32-x64\jre\21.0.10-win32-x86_64\bin\java.dll
0x00007ffc11490000 - 0x00007ffc11c00000 	C:\Windows\System32\SHELL32.dll
0x00007ffc0dbc0000 - 0x00007ffc0e365000 	C:\Windows\SYSTEM32\windows.storage.dll
0x00007ffc10ca0000 - 0x00007ffc10ff4000 	C:\Windows\System32\combase.dll
0x00007ffc0fa40000 - 0x00007ffc0fa6b000 	C:\Windows\SYSTEM32\Wldp.dll
0x00007ffc12640000 - 0x00007ffc1270d000 	C:\Windows\System32\OLEAUT32.dll
0x00007ffc110c0000 - 0x00007ffc1116d000 	C:\Windows\System32\SHCORE.dll
0x00007ffc11e30000 - 0x00007ffc11e8b000 	C:\Windows\System32\shlwapi.dll
0x00007ffc0ffb0000 - 0x00007ffc0ffd4000 	C:\Windows\SYSTEM32\profapi.dll
0x00007ffbe4820000 - 0x00007ffbe4838000 	c:\Users\Leonardo\.vscode\extensions\redhat.java-1.54.0-win32-x64\jre\21.0.10-win32-x86_64\bin\zip.dll
0x00007ffbeaf40000 - 0x00007ffbeaf50000 	C:\Users\Leonardo\.vscode\extensions\redhat.java-1.54.0-win32-x64\jre\21.0.10-win32-x86_64\bin\net.dll
0x00007ffc07fb0000 - 0x00007ffc080ba000 	C:\Windows\SYSTEM32\WINHTTP.dll
0x00007ffc0f7a0000 - 0x00007ffc0f80a000 	C:\Windows\system32\mswsock.dll
0x00007ffb76dd0000 - 0x00007ffb76de6000 	C:\Users\Leonardo\.vscode\extensions\redhat.java-1.54.0-win32-x64\jre\21.0.10-win32-x86_64\bin\nio.dll
0x00007ffbe4850000 - 0x00007ffbe4860000 	c:\Users\Leonardo\.vscode\extensions\redhat.java-1.54.0-win32-x64\jre\21.0.10-win32-x86_64\bin\verify.dll
0x00007ffbf5570000 - 0x00007ffbf55b5000 	C:\Users\Leonardo\AppData\Roaming\Code\User\globalStorage\redhat.java\1.54.0\config_win\org.eclipse.equinox.launcher\org.eclipse.equinox.launcher.win32.win32.x86_64_1.3.0.v20260203-2149\eclipse_11919.dll
0x00007ffc11fd0000 - 0x00007ffc120fb000 	C:\Windows\System32\ole32.dll
0x00007ffc0f990000 - 0x00007ffc0f9a8000 	C:\Windows\SYSTEM32\CRYPTSP.dll
0x00007ffc0f050000 - 0x00007ffc0f088000 	C:\Windows\system32\rsaenh.dll
0x00007ffc0ff70000 - 0x00007ffc0ff9e000 	C:\Windows\SYSTEM32\USERENV.dll
0x00007ffc0f9b0000 - 0x00007ffc0f9bc000 	C:\Windows\SYSTEM32\CRYPTBASE.dll
0x00007ffc0f480000 - 0x00007ffc0f4bb000 	C:\Windows\SYSTEM32\IPHLPAPI.DLL
0x00007ffc11320000 - 0x00007ffc11328000 	C:\Windows\System32\NSI.dll
0x00007ffbee550000 - 0x00007ffbee599000 	C:\Users\Leonardo\AppData\Local\Temp\jna-2035583412\jna8230707430999789070.dll
0x00007ffc11310000 - 0x00007ffc11318000 	C:\Windows\System32\PSAPI.DLL
0x00007ffc086c0000 - 0x00007ffc086d7000 	C:\Windows\SYSTEM32\dhcpcsvc6.DLL
0x00007ffc08d50000 - 0x00007ffc08d6d000 	C:\Windows\SYSTEM32\dhcpcsvc.DLL

JVMTI agents:
c:\Users\Leonardo\.vscode\extensions\redhat.java-1.54.0-win32-x64\lombok\lombok-1.18.39-4050.jar path:c:\Users\Leonardo\.vscode\extensions\redhat.java-1.54.0-win32-x64\jre\21.0.10-win32-x86_64\bin\instrument.dll, loaded, initialized, instrumentlib options:none

dbghelp: loaded successfully - version: 4.0.5 - missing functions: none
symbol engine: initialized successfully - sym options: 0x614 - pdb path: .;c:\Users\Leonardo\.vscode\extensions\redhat.java-1.54.0-win32-x64\jre\21.0.10-win32-x86_64\bin;C:\Windows\SYSTEM32;C:\Windows\WinSxS\amd64_microsoft.windows.common-controls_6595b64144ccf1df_6.0.19041.6456_none_60b8a6cb71f64256;c:\Users\Leonardo\.vscode\extensions\redhat.java-1.54.0-win32-x64\jre\21.0.10-win32-x86_64\bin\server;C:\Users\Leonardo\AppData\Roaming\Code\User\globalStorage\redhat.java\1.54.0\config_win\org.eclipse.equinox.launcher\org.eclipse.equinox.launcher.win32.win32.x86_64_1.3.0.v20260203-2149;C:\Users\Leonardo\AppData\Local\Temp\jna-2035583412

VM Arguments:
jvm_args: --add-modules=ALL-SYSTEM --add-opens=java.base/java.util=ALL-UNNAMED --add-opens=java.base/java.lang=ALL-UNNAMED --add-opens=java.base/sun.nio.fs=ALL-UNNAMED -Declipse.application=org.eclipse.jdt.ls.core.id1 -Dosgi.bundles.defaultStartLevel=4 -Declipse.product=org.eclipse.jdt.ls.core.product -Djava.import.generatesMetadataFilesAtProjectRoot=false -DDetectVMInstallationsJob.disabled=true -Dfile.encoding=utf8 -XX:+UseParallelGC -XX:GCTimeRatio=4 -XX:AdaptiveSizePolicyWeight=90 -Dsun.zip.disableMemoryMapping=true -Xmx2G -Xms100m -Xlog:disable -javaagent:c:\Users\Leonardo\.vscode\extensions\redhat.java-1.54.0-win32-x64\lombok\lombok-1.18.39-4050.jar -XX:+HeapDumpOnOutOfMemoryError -XX:HeapDumpPath=c:\Users\Leonardo\AppData\Roaming\Code\User\workspaceStorage\9279c1e7c5289dc87579dbb541acdad8\redhat.java -Daether.dependencyCollector.impl=bf 
java_command: c:\Users\Leonardo\.vscode\extensions\redhat.java-1.54.0-win32-x64\server\plugins\org.eclipse.equinox.launcher_1.7.100.v20251111-0406.jar -configuration c:\Users\Leonardo\AppData\Roaming\Code\User\globalStorage\redhat.java\1.54.0\config_win -data c:\Users\Leonardo\AppData\Roaming\Code\User\workspaceStorage\9279c1e7c5289dc87579dbb541acdad8\redhat.java\jdt_ws --pipe=\\.\pipe\lsp-fc275f89ca7b5ab7b517793abfff8623-sock
java_class_path (initial): c:\Users\Leonardo\.vscode\extensions\redhat.java-1.54.0-win32-x64\server\plugins\org.eclipse.equinox.launcher_1.7.100.v20251111-0406.jar
Launcher Type: SUN_STANDARD

[Global flags]
    uintx AdaptiveSizePolicyWeight                 = 90                                        {product} {command line}
     intx CICompilerCount                          = 12                                        {product} {ergonomic}
    uintx GCTimeRatio                              = 4                                         {product} {command line}
     bool HeapDumpOnOutOfMemoryError               = true                                   {manageable} {command line}
    ccstr HeapDumpPath                             = c:\Users\Leonardo\AppData\Roaming\Code\User\workspaceStorage\9279c1e7c5289dc87579dbb541acdad8\redhat.java         {manageable} {command line}
   size_t InitialHeapSize                          = 104857600                                 {product} {command line}
   size_t MaxHeapSize                              = 2147483648                                {product} {command line}
   size_t MaxNewSize                               = 715653120                                 {product} {ergonomic}
   size_t MinHeapDeltaBytes                        = 524288                                    {product} {ergonomic}
   size_t MinHeapSize                              = 104857600                                 {product} {command line}
   size_t NewSize                                  = 34603008                                  {product} {ergonomic}
    uintx NonNMethodCodeHeapSize                   = 7602480                                {pd product} {ergonomic}
    uintx NonProfiledCodeHeapSize                  = 122027880                              {pd product} {ergonomic}
   size_t OldSize                                  = 70254592                                  {product} {ergonomic}
    uintx ProfiledCodeHeapSize                     = 122027880                              {pd product} {ergonomic}
    uintx ReservedCodeCacheSize                    = 251658240                              {pd product} {ergonomic}
     bool SegmentedCodeCache                       = true                                      {product} {ergonomic}
   size_t SoftMaxHeapSize                          = 2147483648                             {manageable} {ergonomic}
     bool UseCompressedOops                        = true                           {product lp64_product} {ergonomic}
     bool UseLargePagesIndividualAllocation        = false                                  {pd product} {ergonomic}
     bool UseParallelGC                            = true                                      {product} {command line}

Logging:
Log output configuration:
 #0: stdout all=off uptime,level,tags foldmultilines=false
 #1: stderr all=off uptime,level,tags foldmultilines=false

Release file:
JAVA_VERSION="21.0.10" 
MODULES="java.base java.compiler java.datatransfer java.xml java.prefs java.desktop java.instrument java.logging java.management java.security.sasl java.naming java.rmi java.management.rmi java.net.http java.scripting java.security.jgss java.transaction.xa java.sql java.sql.rowset java.xml.crypto java.se java.smartcardio jdk.accessibility jdk.internal.jvmstat jdk.attach jdk.charsets jdk.internal.opt jdk.zipfs jdk.compiler jdk.crypto.ec jdk.crypto.cryptoki jdk.crypto.mscapi jdk.dynalink jdk.internal.ed jdk.editpad jdk.hotspot.agent jdk.httpserver jdk.internal.le jdk.internal.vm.ci jdk.internal.vm.compiler jdk.internal.vm.compiler.management jdk.jartool jdk.javadoc jdk.jcmd jdk.management jdk.management.agent jdk.jconsole jdk.jdeps jdk.jdwp.agent jdk.jdi jdk.jfr jdk.jshell jdk.jsobject jdk.jstatd jdk.localedata jdk.management.jfr jdk.naming.dns jdk.naming.rmi jdk.net jdk.nio.mapmode jdk.random jdk.sctp jdk.security.auth jdk.security.jgss jdk.unsupported jdk.unsupported.desktop jdk.xml.dom" 

Environment Variables:
JAVA_HOME=C:\Program Files\Eclipse Adoptium\jdk-17.0.17.10-hotspot
PATH=C:\Users\Leonardo\AppData\Local\Programs\Microsoft VS Code;C:\Python314\Scripts\;C:\Python314\;C:\Program Files (x86)\Common Files\Oracle\Java\javapath;C:\Program Files\Eclipse Adoptium\jdk-17.0.17.10-hotspot\bin;C:\Windows\system32;C:\Windows;C:\Windows\System32\Wbem;C:\Windows\System32\WindowsPowerShell\v1.0\;C:\Windows\System32\OpenSSH\;C:\Program Files\Microsoft SQL Server\Client SDK\ODBC\170\Tools\Binn\;C:\Program Files\Microsoft SQL Server\160\DTS\Binn\;C:\ProgramData\chocolatey\bin;C:\Program Files\dotnet\;C:\Users\Leonardo\AppData\Local\nvm;C:\nvm4w\nodejs;C:\Program Files\Git\cmd;C:\Program Files\Microsoft SQL Server\Client SDK\ODBC\180\Tools\Binn\;C:\Program Files (x86)\Microsoft SQL Server\160\Tools\Binn\;C:\Program Files\Microsoft SQL Server\160\Tools\Binn\;C:\Program Files (x86)\Microsoft SQL Server\160\DTS\Binn\;C:\Program Files\Microsoft SQL Server\150\Tools\Binn\;C:\Program Files\Microsoft SQL Server\130\DTS\Binn\;C:\Program Files\Microsoft SQL Server\140\DTS\Binn\;C:\Program Files\Microsoft SQL Server\150\DTS\Binn\;C:\Program Files\Microsoft SQL Server\170\DTS\Binn\;C:\Program Files (x86)\cloudflared\;C:\Users\Leonardo\scoop\shims;C:\Users\Leonardo\AppData\Local\Programs\Python\Python310\Scripts\;C:\Users\Leonardo\AppData\Local\Programs\Python\Python310\;C:\Users\Leonardo\AppData\Local\Microsoft\WindowsApps;C:\Users\Leonardo\AppData\Local\GitHubDesktop\bin;C:\Program Files\JetBrains\PyCharm 2025.1\bin;C:\Users\Leonardo\AppData\Local\Programs\Microsoft VS Code\bin;C:\Users\Leonardo\AppData\Local\Programs\Python\Python310\;C:\Users\Leonardo\Documents\flutter\bin;C:\Program Files\MySQL\MySQL Server 8.0\bin;C:\Users\Leonardo\Downloads\cloudflared.exe.exe;C:\Users\Leonardo\.dotnet\tools;C:\Users\Leonardo\.deno\bin;C:\Users\Leonardo\AppData\Roaming\npm;C:\Users\Leonardo\AppData\Local\Programs\Antigravity\bin
USERNAME=Leonardo
OS=Windows_NT
PROCESSOR_IDENTIFIER=AMD64 Family 23 Model 104 Stepping 1, AuthenticAMD
TMP=C:\Users\Leonardo\AppData\Local\Temp
TEMP=C:\Users\Leonardo\AppData\Local\Temp




Periodic native trim disabled

---------------  S Y S T E M  ---------------

OS:
 Windows 10 , 64 bit Build 19041 (10.0.19041.5915)
OS uptime: 0 days 10:41 hours

CPU: total 16 (initial active 16) (16 cores per cpu, 2 threads per core) family 23 model 104 stepping 1 microcode 0x0, cx8, cmov, fxsr, ht, mmx, 3dnowpref, sse, sse2, sse3, ssse3, sse4a, sse4.1, sse4.2, popcnt, lzcnt, tsc, tscinvbit, avx, avx2, aes, clmul, bmi1, bmi2, adx, sha, fma, vzeroupper, clflush, clflushopt, rdtscp, rdpid, f16c
Processor Information for the first 16 processors :
  Max Mhz: 1801, Current Mhz: 1801, Mhz Limit: 1801

Memory: 4k page, system-wide physical 6005M (150M free)
TotalPageFile size 24437M (AvailPageFile size 1M)
current process WorkingSet (physical memory assigned to process): 39M, peak: 419M
current process commit charge ("private bytes"): 426M, peak: 533M

vm_info: OpenJDK 64-Bit Server VM (21.0.10+7-LTS) for windows-amd64 JRE (21.0.10+7-LTS), built on 2026-01-20T00:00:00Z by "admin" with MS VC++ 17.12 (VS2022)

END.
